TN:
SF:pets.js
FN:1,Pet
FN:8,(anonymous_1)
FN:14,(anonymous_2)
FN:18,(anonymous_3)
FN:26,(anonymous_4)
FN:38,(anonymous_5)
FNF:6
FNH:5
FNDA:16,Pet
FNDA:3,(anonymous_1)
FNDA:0,(anonymous_2)
FNDA:2,(anonymous_3)
FNDA:1,(anonymous_4)
FNDA:1,(anonymous_5)
DA:2,16
DA:3,16
DA:4,16
DA:5,16
DA:8,1
DA:9,3
DA:10,3
DA:11,3
DA:14,1
DA:15,0
DA:18,1
DA:19,2
DA:20,1
DA:22,1
DA:26,1
DA:27,1
DA:28,1
DA:30,0
DA:31,0
DA:33,0
DA:38,1
DA:39,1
DA:40,1
DA:42,0
DA:43,0
DA:44,0
DA:45,0
DA:46,0
DA:47,0
DA:49,0
DA:53,1
LF:31
LH:20
BRDA:19,0,0,1
BRDA:19,0,1,1
BRDA:27,1,0,1
BRDA:27,1,1,0
BRDA:30,2,0,0
BRDA:30,2,1,0
BRDA:39,3,0,1
BRDA:39,3,1,0
BRDA:42,4,0,0
BRDA:42,4,1,0
BRDA:42,5,0,0
BRDA:42,5,1,0
BRDA:44,6,0,0
BRDA:44,6,1,0
BRDA:46,7,0,0
BRDA:46,7,1,0
BRF:16
BRH:4
end_of_record
